<?xml version="1.0" encoding="UTF-8"?>
<testng-results skipped="0" failed="0" ignored="0" total="1" passed="1">
  <reporter-output>
  </reporter-output>
  <suite name="Default suite" duration-ms="76" started-at="2020-08-29T15:00:23 IST" finished-at="2020-08-29T15:00:23 IST">
    <groups>
    </groups>
    <test name="Default test" duration-ms="76" started-at="2020-08-29T15:00:23 IST" finished-at="2020-08-29T15:00:23 IST">
      <class name="com.autoprac.testscripts.Partice">
        <test-method status="PASS" signature="browserSetUp()[pri:0, instance:com.autoprac.testscripts.Partice@5ba3f27a]" name="browserSetUp" is-config="true" duration-ms="18388" started-at="2020-08-29T15:00:05 IST" finished-at="2020-08-29T15:00:23 IST">
          <reporter-output>
          </reporter-output>
        </test-method> <!-- browserSetUp -->
        <test-method status="PASS" signature="tab()[pri:0, instance:com.autoprac.testscripts.Partice@5ba3f27a]" name="tab" duration-ms="9" started-at="2020-08-29T15:00:23 IST" finished-at="2020-08-29T15:00:23 IST">
          <reporter-output>
          </reporter-output>
        </test-method> <!-- tab -->
        <test-method status="FAIL" signature="tearDown()[pri:0, instance:com.autoprac.testscripts.Partice@5ba3f27a]" name="tearDown" is-config="true" duration-ms="8226" started-at="2020-08-29T15:00:24 IST" finished-at="2020-08-29T15:00:32 IST">
          <exception class="java.lang.NoSuchMethodError">
            <message>
              <![CDATA[org.apache.xmlbeans.XmlOptions.setEntityExpansionLimit(I)Lorg/apache/xmlbeans/XmlOptions;]]>
            </message>
            <full-stacktrace>
              <![CDATA[java.lang.NoSuchMethodError: org.apache.xmlbeans.XmlOptions.setEntityExpansionLimit(I)Lorg/apache/xmlbeans/XmlOptions;
at org.apache.poi.ooxml.POIXMLTypeLoader.<clinit>(POIXMLTypeLoader.java:43)
at org.apache.poi.xssf.usermodel.XSSFWorkbook.commit(XSSFWorkbook.java:1774)
at org.apache.poi.ooxml.POIXMLDocumentPart.onSave(POIXMLDocumentPart.java:490)
at org.apache.poi.ooxml.POIXMLDocument.write(POIXMLDocument.java:236)
at org.automationtesting.excelreport.Xl.generateReport(Xl.java:433)
at com.autoprac.utilities.ReportsGeneration.excelReports(ReportsGeneration.java:25)
at com.autoprac.utilities.ReportsGeneration.generateReports(ReportsGeneration.java:32)
at com.autoprac.base.Base.tearDown(Base.java:102)
at sun.reflect.NativeMethodAccessorImpl.invoke0(Native Method)
at sun.reflect.NativeMethodAccessorImpl.invoke(Unknown Source)
at sun.reflect.DelegatingMethodAccessorImpl.invoke(Unknown Source)
at java.lang.reflect.Method.invoke(Unknown Source)
at org.testng.internal.MethodInvocationHelper.invokeMethod(MethodInvocationHelper.java:133)
at org.testng.internal.MethodInvocationHelper.invokeMethodConsideringTimeout(MethodInvocationHelper.java:62)
at org.testng.internal.ConfigInvoker.invokeConfigurationMethod(ConfigInvoker.java:340)
at org.testng.internal.ConfigInvoker.invokeConfigurations(ConfigInvoker.java:294)
at org.testng.SuiteRunner.privateRun(SuiteRunner.java:369)
at org.testng.SuiteRunner.run(SuiteRunner.java:304)
at org.testng.SuiteRunnerWorker.runSuite(SuiteRunnerWorker.java:53)
at org.testng.SuiteRunnerWorker.run(SuiteRunnerWorker.java:96)
at org.testng.TestNG.runSuitesSequentially(TestNG.java:1180)
at org.testng.TestNG.runSuitesLocally(TestNG.java:1102)
at org.testng.TestNG.runSuites(TestNG.java:1032)
at org.testng.TestNG.run(TestNG.java:1000)
at org.testng.remote.AbstractRemoteTestNG.run(AbstractRemoteTestNG.java:115)
at org.testng.remote.RemoteTestNG.initAndRun(RemoteTestNG.java:251)
at org.testng.remote.RemoteTestNG.main(RemoteTestNG.java:77)
]]>
            </full-stacktrace>
          </exception> <!-- java.lang.NoSuchMethodError -->
          <reporter-output>
          </reporter-output>
        </test-method> <!-- tearDown -->
      </class> <!-- com.autoprac.testscripts.Partice -->
    </test> <!-- Default test -->
  </suite> <!-- Default suite -->
</testng-results>
