<?xml version="1.0" encoding="UTF-8"?>
<testng-results skipped="0" failed="1" ignored="0" total="1" passed="0">
  <reporter-output>
  </reporter-output>
  <suite name="Default suite" duration-ms="1127" started-at="2020-09-30T16:52:52 IST" finished-at="2020-09-30T16:52:53 IST">
    <groups>
    </groups>
    <test name="Default test" duration-ms="1127" started-at="2020-09-30T16:52:52 IST" finished-at="2020-09-30T16:52:53 IST">
      <class name="com.autoprac.testscripts.Partice">
        <test-method status="PASS" signature="browserSetUp()[pri:0, instance:com.autoprac.testscripts.Partice@7bd4937b]" name="browserSetUp" is-config="true" duration-ms="11355" started-at="2020-09-30T16:52:41 IST" finished-at="2020-09-30T16:52:52 IST">
          <reporter-output>
          </reporter-output>
        </test-method> <!-- browserSetUp -->
        <test-method status="FAIL" signature="tab()[pri:0, instance:com.autoprac.testscripts.Partice@7bd4937b]" name="tab" duration-ms="1079" started-at="2020-09-30T16:52:52 IST" finished-at="2020-09-30T16:52:53 IST">
          <exception class="java.lang.IllegalStateException">
            <message>
              <![CDATA[Cannot get a NUMERIC value from a STRING cell]]>
            </message>
            <full-stacktrace>
              <![CDATA[java.lang.IllegalStateException: Cannot get a NUMERIC value from a STRING cell
at org.apache.poi.xssf.usermodel.XSSFCell.typeMismatch(XSSFCell.java:1050)
at org.apache.poi.xssf.usermodel.XSSFCell.getNumericCellValue(XSSFCell.java:316)
at org.apache.poi.ss.usermodel.DateUtil.isCellDateFormatted(DateUtil.java:496)
at com.autoprac.utilities.ExcelUtil.getDateValue(ExcelUtil.java:85)
at com.autoprac.testscripts.Partice.tab(Partice.java:15)
at sun.reflect.NativeMethodAccessorImpl.invoke0(Native Method)
at sun.reflect.NativeMethodAccessorImpl.invoke(Unknown Source)
at sun.reflect.DelegatingMethodAccessorImpl.invoke(Unknown Source)
at java.lang.reflect.Method.invoke(Unknown Source)
at org.testng.internal.MethodInvocationHelper.invokeMethod(MethodInvocationHelper.java:133)
at org.testng.internal.TestInvoker.invokeMethod(TestInvoker.java:584)
at org.testng.internal.TestInvoker.invokeTestMethod(TestInvoker.java:172)
at org.testng.internal.MethodRunner.runInSequence(MethodRunner.java:46)
at org.testng.internal.TestInvoker$MethodInvocationAgent.invoke(TestInvoker.java:804)
at org.testng.internal.TestInvoker.invokeTestMethods(TestInvoker.java:145)
at org.testng.internal.TestMethodWorker.invokeTestMethods(TestMethodWorker.java:146)
at org.testng.internal.TestMethodWorker.run(TestMethodWorker.java:128)
at java.util.ArrayList.forEach(Unknown Source)
at org.testng.TestRunner.privateRun(TestRunner.java:770)
at org.testng.TestRunner.run(TestRunner.java:591)
at org.testng.SuiteRunner.runTest(SuiteRunner.java:402)
at org.testng.SuiteRunner.runSequentially(SuiteRunner.java:396)
at org.testng.SuiteRunner.privateRun(SuiteRunner.java:355)
at org.testng.SuiteRunner.run(SuiteRunner.java:304)
at org.testng.SuiteRunnerWorker.runSuite(SuiteRunnerWorker.java:53)
at org.testng.SuiteRunnerWorker.run(SuiteRunnerWorker.java:96)
at org.testng.TestNG.runSuitesSequentially(TestNG.java:1180)
at org.testng.TestNG.runSuitesLocally(TestNG.java:1102)
at org.testng.TestNG.runSuites(TestNG.java:1032)
at org.testng.TestNG.run(TestNG.java:1000)
at org.testng.remote.AbstractRemoteTestNG.run(AbstractRemoteTestNG.java:115)
at org.testng.remote.RemoteTestNG.initAndRun(RemoteTestNG.java:251)
at org.testng.remote.RemoteTestNG.main(RemoteTestNG.java:77)
]]>
            </full-stacktrace>
          </exception> <!-- java.lang.IllegalStateException -->
          <reporter-output>
          </reporter-output>
        </test-method> <!-- tab -->
        <test-method status="PASS" signature="tearDown()[pri:0, instance:com.autoprac.testscripts.Partice@7bd4937b]" name="tearDown" is-config="true" duration-ms="7242" started-at="2020-09-30T16:52:53 IST" finished-at="2020-09-30T16:53:00 IST">
          <reporter-output>
          </reporter-output>
        </test-method> <!-- tearDown -->
      </class> <!-- com.autoprac.testscripts.Partice -->
    </test> <!-- Default test -->
  </suite> <!-- Default suite -->
</testng-results>
